{"level":"info","message":"API - countries search request"}
{"level":"info","message":"API - Sending to Countries Service"}
{"level":"info","message":"API - Got response"}
{"level":"info","message":"166445156432955045.2692793118-API - countries search request"}
{"level":"info","message":"166445156432955045.2692793118-API - Sending to Countries Service"}
{"level":"info","message":"166445156432955045.2692793118-API - Got response"}
{"level":"info","message":"166445163924579076.50642554987-API - countries search request"}
{"level":"info","message":"166445163924579076.50642554987-API - Sending to Countries Service"}
{"level":"info","message":"166445163924579076.50642554987-API - Got response"}
{"level":"info","message":"16644522955249726.754823917363-API - countries search request"}
{"level":"info","message":"16644522955249726.754823917363-API - Sending to Countries Service"}
{"level":"info","message":"16644522955249726.754823917363-API - Got response"}
{"level":"info","message":"166445253983871480.40072618538-API - countries search request"}
{"level":"info","message":"166445253983871480.40072618538-API - Sending to Countries Service"}
{"level":"info","message":"166445253983871480.40072618538-API - Got response"}
{"level":"info","message":"166445260827660065.52020660776-API - countries search request"}
{"level":"info","message":"166445260827660065.52020660776-API - Sending to Countries Service"}
{"level":"info","message":"166445260827660065.52020660776-API - Got response"}
{"level":"info","message":"166445264446849295.953908163865-API - countries search request"}
{"level":"info","message":"166445264446849295.953908163865-API - Sending to Countries Service"}
{"level":"info","message":"166445264446849295.953908163865-API - Got response"}
{"level":"info","message":"166445268117833440.30984296162-API - countries search request"}
{"level":"info","message":"166445268117833440.30984296162-API - Sending to Countries Service"}
{"level":"info","message":"166445268117833440.30984296162-API - Got response"}
{"level":"info","message":"166445273861995669.65451985064-API - countries search request"}
{"level":"info","message":"166445273861995669.65451985064-API - Sending to Countries Service"}
{"level":"info","message":"166445273861995669.65451985064-API - Got response"}
{"level":"info","message":"166445279400660038.28692046421-API - countries search request"}
{"level":"info","message":"166445279400660038.28692046421-API - Sending to Countries Service"}
{"level":"info","message":"166445279400660038.28692046421-API - Got response"}
{"level":"info","message":"166445281851873139.15481555986-API - countries search request"}
{"level":"info","message":"166445281851873139.15481555986-API - Sending to Countries Service"}
{"level":"info","message":"166445281851873139.15481555986-API - Got response"}
{"level":"info","message":"166445284563255037.02371574086-API - countries search request"}
{"level":"info","message":"166445284563255037.02371574086-API - Sending to Countries Service"}
{"level":"info","message":"166445284563255037.02371574086-API - Got response"}
{"level":"info","message":"16644532817569492.703331483122-API - countries search request"}
{"level":"info","message":"16644532817569492.703331483122-API - Sending to Countries Service"}
{"level":"info","message":"16644532817569492.703331483122-API - Got response"}
{"level":"info","message":"16644533468737966.053184208011-API - countries search request"}
{"level":"info","message":"16644533468737966.053184208011-API - Sending to Countries Service"}
{"level":"info","message":"16644533468737966.053184208011-API - Got response"}
{"level":"info","message":"166445345236873608.73080480464-API - countries search request"}
{"level":"info","message":"166445345236873608.73080480464-API - Sending to Countries Service"}
{"level":"info","message":"166445345236873608.73080480464-API - Got response"}
{"level":"info","message":"16644536304501576.2786012746026-API - countries search request"}
{"level":"info","message":"16644536304501576.2786012746026-API - Sending to Countries Service"}
{"level":"info","message":"16644536304501576.2786012746026-API - Got response"}
{"level":"info","message":"166445363244752831.09924199027-API - countries search request"}
{"level":"info","message":"166445363244752831.09924199027-API - Sending to Countries Service"}
{"level":"info","message":"166445363244752831.09924199027-API - Got response"}
{"level":"info","message":"166445363426340397.2914480041-API - countries search request"}
{"level":"info","message":"166445363426340397.2914480041-API - Sending to Countries Service"}
{"level":"info","message":"166445363426340397.2914480041-API - Got response"}
{"level":"info","message":"166445363611128095.058434830757-API - countries search request"}
{"level":"info","message":"166445363611128095.058434830757-API - Sending to Countries Service"}
{"level":"info","message":"166445363611128095.058434830757-API - Got response"}
logfiletest
