{"level":"info","message":"Countries Service: Recieved message"}
{"level":"info","message":"Countries Service: Countries Result"}
{"level":"info","message":"Countries Service: Recieved message"}
{"level":"info","message":"Countries Service: Countries Result"}
{"level":"info","message":"undefined - Countries Service: Recieved message"}
{"level":"info","message":"Countries Service: Countries Result"}
{"level":"info","message":"7bd801ef-76c1-487c-84b1-7780524c5c24 - Countries Service: Recieved message"}
{"level":"info","message":"Countries Service: Countries Result"}
{"level":"info","message":"0feb27c1-1ff6-42ae-9a9d-66420832aa0f - Countries Service: Recieved message"}
{"level":"info","message":"0feb27c1-1ff6-42ae-9a9d-66420832aa0f - Countries Service: Return message"}
{"level":"info","message":"e07bd061-11d3-45e0-92fd-b483d763e153 - Countries Service: Recieved message"}
{"level":"info","message":"e07bd061-11d3-45e0-92fd-b483d763e153 - Countries Service: Return message"}
{"level":"info","message":"2abb7f4c-fa64-45b5-81c1-041426663e3d - Countries Service: Recieved message"}
{"level":"info","message":"2abb7f4c-fa64-45b5-81c1-041426663e3d - Countries Service: Return message"}
{"level":"info","message":"86096c08-78a8-413c-9a53-ee8f825479d2 - Countries Service: Recieved message"}
{"level":"info","message":"86096c08-78a8-413c-9a53-ee8f825479d2 - Countries Service: Return message"}
{"level":"info","message":"a1e4cf4f-9310-47dc-a382-68a2a2488a30 - Countries Service: Recieved message"}
{"level":"info","message":"a1e4cf4f-9310-47dc-a382-68a2a2488a30 - Countries Service: Return message"}
{"level":"info","message":"8480e3c3-1483-4826-9737-7726de010fe1 - Countries Service: Recieved message"}
{"level":"info","message":"8480e3c3-1483-4826-9737-7726de010fe1 - Countries Service: Return message"}
{"level":"info","message":"8a40c20e-5206-4d58-ae90-680a349abbca - Countries Service: Recieved message"}
{"level":"info","message":"8a40c20e-5206-4d58-ae90-680a349abbca - Countries Service: Return message"}
{"level":"info","message":"25ce6418-bbcd-4761-a74c-7e26427c18af - Countries Service: Recieved message"}
{"level":"info","message":"25ce6418-bbcd-4761-a74c-7e26427c18af - Countries Service: Return message"}
{"level":"info","message":"5a8f5465-f53e-46d5-8805-84a57912b030 - Countries Service: Recieved message"}
{"level":"info","message":"5a8f5465-f53e-46d5-8805-84a57912b030 - Countries Service: Return message"}
{"level":"info","message":"12096c90-7317-41f7-9551-d42179cc8812 - Countries Service: Recieved message"}
{"level":"info","message":"12096c90-7317-41f7-9551-d42179cc8812 - Countries Service: Return message"}

Search
{"level":"info","message":"b4c5c71e-3439-4775-a46d-ad93787daa1b - Countries Service: Recieved message"}
{"level":"info","message":"b4c5c71e-3439-4775-a46d-ad93787daa1b - Countries Service: Return message"}
{"level":"info","message":"feb227e4-744b-45a8-8d8f-66a95d15de55 - Countries Service: Recieved message"}
{"level":"info","message":"feb227e4-744b-45a8-8d8f-66a95d15de55 - Countries Service: Return message"}
{"level":"info","message":"deee05e5-16f6-4094-9aac-9c39aa130628 - Countries Service: Recieved message"}
{"level":"info","message":"deee05e5-16f6-4094-9aac-9c39aa130628 - Countries Service: Return message"}
{"level":"info","message":"95d0e5ee-bd8e-4724-93ee-c82528d3b69b - Countries Service: Recieved message"}
{"level":"info","message":"95d0e5ee-bd8e-4724-93ee-c82528d3b69b - Countries Service: Return message"}
{"level":"info","message":"e913192b-a880-4c05-8ac9-3c53d5bce938 - Countries Service: Recieved message"}
{"level":"info","message":"e913192b-a880-4c05-8ac9-3c53d5bce938 - Countries Service: Return message"}
{"level":"info","message":"7a2c4d06-1e4d-4b73-9dc8-cb2f397f1147 - Countries Service: Recieved message"}
{"level":"info","message":"7a2c4d06-1e4d-4b73-9dc8-cb2f397f1147 - Countries Service: Return message"}
{"level":"info","message":"4650d332-f82a-4ec9-be32-7613c2d78495 - Countries Service: Recieved message"}
{"level":"info","message":"4650d332-f82a-4ec9-be32-7613c2d78495 - Countries Service: Return message"}
